<?xml version="1.0" encoding="UTF-8"?>
<!-- Generated by org.testng.reporters.JUnitReportReporter -->
<testsuite hostname="LAPTOP-ME2H4GC5" failures="0" tests="1" name="cucumberOptions.TestNGRunner" time="34.483" errors="0" timestamp="2022-10-09T16:04:37 IST" skipped="0">
  <testcase classname="cucumberOptions.TestNGRunner" name="runScenario" time="34.483"/>
  <system-out/>
</testsuite> <!-- cucumberOptions.TestNGRunner -->
