<?xml version="1.0" encoding="UTF-8"?>
<!-- Generated by org.testng.reporters.JUnitReportReporter -->
<testsuite hostname="LAPTOP-ME2H4GC5" failures="0" tests="7" name="cucumberOptions.failedrunner" time="296.409" errors="0" timestamp="2022-06-21T09:02:53 IST" skipped="0">
  <testcase classname="cucumberOptions.failedrunner" name="runScenario" time="29.015"/>
  <system-out/>
  <testcase classname="cucumberOptions.failedrunner" name="runScenario" time="35.597"/>
  <system-out/>
  <testcase classname="cucumberOptions.failedrunner" name="runScenario" time="39.557"/>
  <system-out/>
  <testcase classname="cucumberOptions.failedrunner" name="runScenario" time="81.484"/>
  <system-out/>
  <testcase classname="cucumberOptions.failedrunner" name="runScenario" time="28.029"/>
  <system-out/>
  <testcase classname="cucumberOptions.failedrunner" name="runScenario" time="22.726"/>
  <system-out/>
  <testcase classname="cucumberOptions.failedrunner" name="runScenario" time="60.001"/>
  <system-out/>
</testsuite> <!-- cucumberOptions.failedrunner -->
